<?xml version="1.0" encoding="UTF-8"?>
<!-- Generated by org.testng.reporters.JUnitReportReporter -->
<testsuite hostname="DESKTOP-3O467S2" failures="0" tests="2" name="selenium.Testing2" time="0.000" errors="0" timestamp="28 Jan 2022 16:43:30 GMT" skipped="0">
  <testcase classname="selenium.Testing2" name="test5" time="0.000"/>
  <testcase classname="selenium.Testing2" name="test4" time="0.000"/>
</testsuite> <!-- selenium.Testing2 -->
