<?xml version="1.0" encoding="UTF-8"?>
<!-- Generated by org.testng.reporters.JUnitReportReporter -->
<testsuite hostname="DESKTOP-3O467S2" failures="0" tests="4" name="selenium.Testing1" time="0.001" errors="0" timestamp="28 Jan 2022 16:43:30 GMT" skipped="0">
  <testcase classname="selenium.Testing1" name="abc" time="0.001"/>
  <testcase classname="selenium.Testing1" name="abc" time="0.000"/>
  <testcase classname="selenium.Testing1" name="test1" time="0.000"/>
  <testcase classname="selenium.Testing1" name="test2" time="0.000"/>
</testsuite> <!-- selenium.Testing1 -->
